[INFO] Scanning for projects...
[INFO]                                                                         
[INFO] ------------------------------------------------------------------------
[INFO] Building wyklad1 1.0-SNAPSHOT
[INFO] ------------------------------------------------------------------------
[INFO] 
[INFO] --- maven-resources-plugin:2.6:resources (default-resources) @ bands ---
[WARNING] Using platform encoding (UTF-8 actually) to copy filtered resources, i.e. build is platform dependent!
[INFO] skip non existing resourceDirectory /home/filip/Pulpit/tau/lab1/bands/bands/src/main/resources
[INFO] 
[INFO] --- maven-compiler-plugin:3.7.0:compile (default-compile) @ bands ---
[INFO] Nothing to compile - all classes are up to date
[INFO] 
[INFO] --- maven-resources-plugin:2.6:testResources (default-testResources) @ bands ---
[WARNING] Using platform encoding (UTF-8 actually) to copy filtered resources, i.e. build is platform dependent!
[INFO] skip non existing resourceDirectory /home/filip/Pulpit/tau/lab1/bands/bands/src/test/resources
[INFO] 
[INFO] --- maven-compiler-plugin:3.7.0:testCompile (default-testCompile) @ bands ---
[INFO] Nothing to compile - all classes are up to date
[INFO] 
[INFO] --- maven-surefire-plugin:2.17:test (default-test) @ bands ---
[INFO] Surefire report directory: /home/filip/Pulpit/tau/lab1/bands/bands/target/surefire-reports

-------------------------------------------------------
 T E S T S
-------------------------------------------------------
Running filip.projekt.bands.AppTest
Tests run: 1, Failures: 0, Errors: 0, Skipped: 0, Time elapsed: 0.031 sec - in filip.projekt.bands.AppTest
Running filip.projekt.bands.BandTest
Tests run: 1, Failures: 0, Errors: 0, Skipped: 0, Time elapsed: 0.033 sec - in filip.projekt.bands.BandTest
Running filip.projekt.bands.RepositoryTest
nazwa zespołu: Zespół29
gatunek muzyczny: Gatunek77
ilość członków: 76


nazwa zespołu: Volbeat
gatunek muzyczny: Rock and Roll
ilość członków: 5


Tests run: 9, Failures: 0, Errors: 0, Skipped: 0, Time elapsed: 2.609 sec - in filip.projekt.bands.RepositoryTest

Results :

Tests run: 11, Failures: 0, Errors: 0, Skipped: 0

[INFO] 
[INFO] --- maven-jar-plugin:2.4:jar (default-jar) @ bands ---
[INFO] Building jar: /home/filip/Pulpit/tau/lab1/bands/bands/target/bands-1.0-SNAPSHOT.jar
[INFO] ------------------------------------------------------------------------
[INFO] BUILD SUCCESS
[INFO] ------------------------------------------------------------------------
[INFO] Total time: 4.273 s
[INFO] Finished at: 2018-04-20T15:38:44+02:00
[INFO] Final Memory: 12M/42M
[INFO] ------------------------------------------------------------------------
